<?xml version="1.0" encoding="utf-8"?><testsuites name="pytest tests"><testsuite name="pytest" errors="0" failures="0" skipped="0" tests="22" time="7.704" timestamp="2026-04-16T22:42:49.826699+00:00" hostname="agent-env-22cda995-457a-4451-9429-fb82a6a4a71f"><testcase classname="tests.test_auth.TestHealthCheck" name="test_api_root" time="0.358" /><testcase classname="tests.test_auth.TestUserRegistration" name="test_register_new_user" time="0.379" /><testcase classname="tests.test_auth.TestUserRegistration" name="test_register_duplicate_username" time="0.142" /><testcase classname="tests.test_auth.TestUserRegistration" name="test_register_short_password" time="0.295" /><testcase classname="tests.test_auth.TestUserLogin" name="test_login_success" time="0.371" /><testcase classname="tests.test_auth.TestUserLogin" name="test_login_with_remember_me" time="0.356" /><testcase classname="tests.test_auth.TestUserLogin" name="test_login_invalid_username" time="0.118" /><testcase classname="tests.test_auth.TestUserLogin" name="test_login_invalid_password" time="0.347" /><testcase classname="tests.test_auth.TestGetCurrentUser" name="test_get_me_success" time="0.477" /><testcase classname="tests.test_auth.TestGetCurrentUser" name="test_get_me_no_token" time="0.139" /><testcase classname="tests.test_auth.TestGetCurrentUser" name="test_get_me_invalid_token" time="0.112" /><testcase classname="tests.test_auth.TestForgotPassword" name="test_forgot_password_success" time="0.189" /><testcase classname="tests.test_auth.TestForgotPassword" name="test_forgot_password_nonexistent_user" time="0.105" /><testcase classname="tests.test_auth.TestResetPassword" name="test_reset_password_full_flow" time="1.359" /><testcase classname="tests.test_auth.TestResetPassword" name="test_reset_password_invalid_code" time="0.117" /><testcase classname="tests.test_auth.TestResetPassword" name="test_reset_password_short_password" time="0.234" /><testcase classname="tests.test_auth.TestHistoryCRUD" name="test_create_history_item" time="0.465" /><testcase classname="tests.test_auth.TestHistoryCRUD" name="test_get_history" time="0.446" /><testcase classname="tests.test_auth.TestHistoryCRUD" name="test_update_history_item" time="0.684" /><testcase classname="tests.test_auth.TestHistoryCRUD" name="test_delete_history_item" time="0.655" /><testcase classname="tests.test_auth.TestHistoryCRUD" name="test_history_requires_auth" time="0.228" /><testcase classname="tests.test_auth.TestCleanup" name="test_cleanup_test_users" time="0.000" /></testsuite></testsuites>