<?xml version="1.0" encoding="utf-8"?><testsuites name="pytest tests"><testsuite name="pytest" errors="0" failures="0" skipped="0" tests="13" time="23.669" timestamp="2026-08-24T06:26:46.702346+00:00" hostname="agent-env-22cda995-457a-4451-9429-fb82a6a4a71f"><testcase classname="backend.tests.test_new_features.TestNewFeatures" name="test_generate_summary_success" time="2.809" /><testcase classname="backend.tests.test_new_features.TestNewFeatures" name="test_generate_summary_empty_transcription" time="1.074" /><testcase classname="backend.tests.test_new_features.TestNewFeatures" name="test_generate_insights_general_mode" time="3.613" /><testcase classname="backend.tests.test_new_features.TestNewFeatures" name="test_generate_insights_meeting_mode" time="1.870" /><testcase classname="backend.tests.test_new_features.TestNewFeatures" name="test_generate_insights_medical_mode" time="1.395" /><testcase classname="backend.tests.test_new_features.TestNewFeatures" name="test_generate_insights_lecture_mode" time="3.080" /><testcase classname="backend.tests.test_new_features.TestNewFeatures" name="test_generate_insights_interview_mode" time="2.113" /><testcase classname="backend.tests.test_new_features.TestNewFeatures" name="test_generate_insights_default_mode" time="5.597" /><testcase classname="backend.tests.test_new_features.TestAuthEndpoints" name="test_login_success" time="0.356" /><testcase classname="backend.tests.test_new_features.TestAuthEndpoints" name="test_login_invalid_credentials" time="0.332" /><testcase classname="backend.tests.test_new_features.TestAuthEndpoints" name="test_get_current_user" time="0.430" /><testcase classname="backend.tests.test_new_features.TestHistoryEndpoints" name="test_get_history" time="0.403" /><testcase classname="backend.tests.test_new_features.TestHistoryEndpoints" name="test_create_and_get_history_item" time="0.493" /></testsuite></testsuites>